<?xml version="1.0" encoding="UTF-8" standalone="no"?>
<testsuite errors="0" failures="0" name="io.cucumber.core.plugin.JUnitFormatter" skipped="0" tests="1" time="4.284">
    <testcase classname="Purchase Functionality of Demoblaze Application" name="Adding product to chart" time="4.148">
        <system-out>
            <![CDATA[Given buyer is on the homepage of demoblaze.................................passed
When buyer adds from "Laptops" category "Sony vaio i5"......................passed
And buyer clicks on "Cart" link.............................................passed
]]>
        </system-out>
    </testcase>
</testsuite>
